\BOOKMARK [1][-]{section.1}{\376\377\000E\000C\000C\000O\000\040\000V\0004\000r\0004\000\040\000T\000e\000a\000m}{}% 1
\BOOKMARK [1][-]{section.2}{\376\377\000E\000x\000e\000c\000u\000t\000i\000v\000e\000\040\000S\000u\000m\000m\000a\000r\000y}{}% 2
\BOOKMARK [1][-]{section.3}{\376\377\000T\000a\000b\000l\000e\000\040\000o\000f\000\040\000C\000o\000n\000t\000e\000n\000t\000s}{}% 3
\BOOKMARK [1][-]{section.4}{\376\377\000F\000i\000g\000u\000r\000e\000s\000\040\000i\000n\000\040\000t\000h\000i\000s\000\040\000d\000o\000c\000u\000m\000e\000n\000t}{}% 4
\BOOKMARK [1][-]{section.5}{\376\377\000T\000a\000b\000l\000e\000s\000\040\000i\000n\000\040\000t\000h\000i\000s\000\040\000d\000o\000c\000u\000m\000e\000n\000t}{}% 5
\BOOKMARK [1][-]{section.6}{\376\377\000S\000c\000o\000p\000e\000\040\000a\000n\000d\000\040\000C\000o\000n\000t\000e\000n\000t\000\040\000o\000f\000\040\000t\000h\000i\000s\000\040\000D\000o\000c\000u\000m\000e\000n\000t}{}% 6
\BOOKMARK [1][-]{section.7}{\376\377\000O\000v\000e\000r\000v\000i\000e\000w\000\040\000o\000f\000\040\000E\000C\000C\000O\000\040\000D\000a\000t\000a}{}% 7
\BOOKMARK [2][-]{subsection.7.1}{\376\377\000W\000h\000y\000\040\000t\000r\000u\000s\000t\000\040\000E\000C\000C\000O\000?}{section.7}% 8
\BOOKMARK [2][-]{subsection.7.2}{\376\377\000W\000h\000y\000\040\000C\000h\000o\000o\000s\000e\000\040\000E\000C\000C\000O\000\040\000O\000v\000e\000r\000\040\000A\000l\000t\000e\000r\000n\000a\000t\000i\000v\000e\000s\000?}{section.7}% 9
\BOOKMARK [1][-]{section.8}{\376\377\000E\000C\000C\000O\000\040\000D\000a\000t\000a\000\040\000F\000i\000l\000e\000n\000a\000m\000e\000s\000\040\000a\000n\000d\000\040\000S\000u\000p\000p\000o\000r\000t\000i\000n\000g\000\040\000C\000o\000n\000v\000e\000n\000t\000i\000o\000n\000s}{}% 10
\BOOKMARK [2][-]{subsection.8.1}{\376\377\000G\000e\000n\000e\000r\000a\000l\000\040\000f\000i\000l\000e\000n\000a\000m\000e\000\040\000S\000t\000r\000u\000c\000t\000u\000r\000e}{section.8}% 11
\BOOKMARK [2][-]{subsection.8.2}{\376\377\000E\000x\000a\000m\000p\000l\000e\000s}{section.8}% 12
\BOOKMARK [1][-]{section.9}{\376\377\000E\000C\000C\000O\000\040\000D\000a\000t\000a\000\040\000P\000r\000o\000d\000u\000c\000t\000\040\000F\000i\000l\000e\000\040\000S\000t\000r\000u\000c\000t\000u\000r\000e}{}% 13
\BOOKMARK [2][-]{subsection.9.1}{\376\377\000O\000v\000e\000r\000v\000i\000e\000w\000\040\000o\000f\000\040\000t\000h\000e\000\040\000E\000C\000C\000O\000\040\000D\000a\000t\000a\000\040\000n\000e\000t\000C\000D\000F\000\040\000F\000i\000l\000e\000\040\000F\000o\000r\000m\000a\000t}{section.9}% 14
\BOOKMARK [2][-]{subsection.9.2}{\376\377\000E\000C\000C\000O\000\040\000n\000e\000t\000C\000F\000D\000\040\000G\000l\000o\000b\000a\000l\000\040\000A\000t\000t\000r\000i\000b\000u\000t\000e\000s}{section.9}% 15
\BOOKMARK [2][-]{subsection.9.3}{\376\377\000E\000C\000C\000O\000\040\000D\000a\000t\000a\000\040\000n\000e\000t\000C\000F\000D\000\040\000C\000o\000o\000r\000d\000i\000n\000a\000t\000e\000s\000,\000\040\000D\000i\000m\000e\000n\000s\000i\000o\000n\000s\000\040\000a\000n\000d\000\040\000V\000a\000r\000i\000a\000b\000i\000l\000e\000s\000\040\000A\000t\000t\000r\000i\000b\000u\000t\000e\000s}{section.9}% 16
\BOOKMARK [2][-]{subsection.9.4}{\376\377\000E\000C\000C\000O\000\040\000D\000a\000t\000a\000\040\000n\000e\000t\000C\000D\000F\000\040\000D\000i\000m\000e\000n\000s\000i\000o\000n\000s\000\040\000d\000e\000f\000i\000n\000i\000t\000i\000o\000n}{section.9}% 17
\BOOKMARK [2][-]{subsection.9.5}{\376\377\000E\000C\000C\000O\000\040\000D\000a\000t\000a\000\040\000n\000e\000t\000C\000D\000F\000\040\000C\000o\000o\000r\000d\000i\000n\000a\000t\000e\000s\000\040\000v\000a\000r\000i\000a\000b\000i\000l\000e\000\040\000d\000e\000f\000i\000n\000i\000t\000i\000o\000n}{section.9}% 18
\BOOKMARK [2][-]{subsection.9.6}{\376\377\000E\000x\000a\000m\000p\000l\000e\000\040\000o\000f\000\040\000E\000C\000C\000O\000\040\000V\0004\000r\0004\000\040\000n\000e\000t\000C\000D\000F\000\040\000l\000a\000t\000l\000o\000n\000\040\000g\000r\000i\000d\000\040\000d\000a\000t\000a\000s\000e\000t\000s}{section.9}% 19
\BOOKMARK [2][-]{subsection.9.7}{\376\377\000E\000x\000a\000m\000p\000l\000e\000\040\000o\000f\000\040\000E\000C\000C\000O\000\040\000V\0004\000r\0004\000\040\000n\000e\000t\000C\000D\000F\000\040\000n\000a\000t\000i\000v\000e\000\040\000l\000l\000c\0009\0000\000\040\000g\000r\000i\000d\000\040\000d\000a\000t\000a\000s\000e\000t\000s}{section.9}% 20
\BOOKMARK [2][-]{subsection.9.8}{\376\377\000E\000x\000a\000m\000p\000l\000e\000\040\000o\000f\000\040\000E\000C\000C\000O\000\040\000V\0004\000r\0004\000\040\000n\000e\000t\000C\000D\000F\000\040\000f\000o\000r\000\040\0001\000D\000\040\000d\000a\000t\000a}{section.9}% 21
\BOOKMARK [2][-]{subsection.9.9}{\376\377\000N\000a\000t\000i\000v\000e\000\040\000d\000a\000t\000a\000s\000e\000t\000\040\000o\000f\000\040\000A\000T\000M\000\137\000S\000U\000R\000F\000A\000C\000E\000\137\000T\000E\000M\000P\000\137\000H\000U\000M\000\137\000W\000I\000N\000D\000\137\000P\000R\000E\000S}{section.9}% 22
\BOOKMARK [3][-]{subsubsection.9.9.1}{\376\377\000O\000v\000e\000r\000v\000i\000e\000w}{subsection.9.9}% 23
