\BOOKMARK [1][-]{section.1}{\376\377\000E\000C\000C\000O\000\040\000V\0004\000r\0004\000\040\000T\000e\000a\000m}{}% 1
\BOOKMARK [1][-]{section.2}{\376\377\000E\000x\000e\000c\000u\000t\000i\000v\000e\000\040\000S\000u\000m\000m\000a\000r\000y}{}% 2
\BOOKMARK [1][-]{section.3}{\376\377\000T\000a\000b\000l\000e\000\040\000o\000f\000\040\000C\000o\000n\000t\000e\000n\000t\000s}{}% 3
\BOOKMARK [1][-]{section.4}{\376\377\000F\000i\000g\000u\000r\000e\000s\000\040\000i\000n\000\040\000t\000h\000i\000s\000\040\000d\000o\000c\000u\000m\000e\000n\000t}{}% 4
\BOOKMARK [1][-]{section.5}{\376\377\000T\000a\000b\000l\000e\000s\000\040\000i\000n\000\040\000t\000h\000i\000s\000\040\000d\000o\000c\000u\000m\000e\000n\000t}{}% 5
\BOOKMARK [1][-]{section.6}{\376\377\000S\000c\000o\000p\000e\000\040\000a\000n\000d\000\040\000C\000o\000n\000t\000e\000n\000t\000\040\000o\000f\000\040\000t\000h\000i\000s\000\040\000D\000o\000c\000u\000m\000e\000n\000t}{}% 6
\BOOKMARK [1][-]{section.7}{\376\377\000O\000v\000e\000r\000v\000i\000e\000w\000\040\000o\000f\000\040\000E\000C\000C\000O\000\040\000D\000a\000t\000a}{}% 7
\BOOKMARK [2][-]{subsection.7.1}{\376\377\000W\000h\000y\000\040\000t\000r\000u\000s\000t\000\040\000E\000C\000C\000O\000?}{section.7}% 8
\BOOKMARK [2][-]{subsection.7.2}{\376\377\000W\000h\000y\000\040\000C\000h\000o\000o\000s\000e\000\040\000E\000C\000C\000O\000\040\000O\000v\000e\000r\000\040\000A\000l\000t\000e\000r\000n\000a\000t\000i\000v\000e\000s\000?}{section.7}% 9
\BOOKMARK [1][-]{section.8}{\376\377\000E\000C\000C\000O\000\040\000D\000a\000t\000a\000\040\000F\000i\000l\000e\000n\000a\000m\000e\000s\000\040\000a\000n\000d\000\040\000S\000u\000p\000p\000o\000r\000t\000i\000n\000g\000\040\000C\000o\000n\000v\000e\000n\000t\000i\000o\000n\000s}{}% 10
\BOOKMARK [2][-]{subsection.8.1}{\376\377\000G\000e\000n\000e\000r\000a\000l\000\040\000f\000i\000l\000e\000n\000a\000m\000e\000\040\000S\000t\000r\000u\000c\000t\000u\000r\000e}{section.8}% 11
\BOOKMARK [2][-]{subsection.8.2}{\376\377\000E\000x\000a\000m\000p\000l\000e\000s}{section.8}% 12
\BOOKMARK [1][-]{section.9}{\376\377\000E\000C\000C\000O\000\040\000D\000a\000t\000a\000\040\000P\000r\000o\000d\000u\000c\000t\000\040\000F\000i\000l\000e\000\040\000S\000t\000r\000u\000c\000t\000u\000r\000e}{}% 13
\BOOKMARK [2][-]{subsection.9.1}{\376\377\000O\000v\000e\000r\000v\000i\000e\000w\000\040\000o\000f\000\040\000t\000h\000e\000\040\000E\000C\000C\000O\000\040\000D\000a\000t\000a\000\040\000n\000e\000t\000C\000D\000F\000\040\000F\000i\000l\000e\000\040\000F\000o\000r\000m\000a\000t}{section.9}% 14
\BOOKMARK [2][-]{subsection.9.2}{\376\377\000E\000C\000C\000O\000\040\000n\000e\000t\000C\000F\000D\000\040\000G\000l\000o\000b\000a\000l\000\040\000A\000t\000t\000r\000i\000b\000u\000t\000e\000s}{section.9}% 15
\BOOKMARK [2][-]{subsection.9.3}{\376\377\000E\000C\000C\000O\000\040\000D\000a\000t\000a\000\040\000n\000e\000t\000C\000F\000D\000\040\000C\000o\000o\000r\000d\000i\000n\000a\000t\000e\000s\000,\000\040\000D\000i\000m\000e\000n\000s\000i\000o\000n\000s\000\040\000a\000n\000d\000\040\000V\000a\000r\000i\000a\000b\000i\000l\000e\000s\000\040\000A\000t\000t\000r\000i\000b\000u\000t\000e\000s}{section.9}% 16
\BOOKMARK [2][-]{subsection.9.4}{\376\377\000E\000C\000C\000O\000\040\000D\000a\000t\000a\000\040\000n\000e\000t\000C\000D\000F\000\040\000D\000i\000m\000e\000n\000s\000i\000o\000n\000s\000\040\000d\000e\000f\000i\000n\000i\000t\000i\000o\000n}{section.9}% 17
\BOOKMARK [2][-]{subsection.9.5}{\376\377\000E\000C\000C\000O\000\040\000D\000a\000t\000a\000\040\000n\000e\000t\000C\000D\000F\000\040\000C\000o\000o\000r\000d\000i\000n\000a\000t\000e\000s\000\040\000v\000a\000r\000i\000a\000b\000i\000l\000e\000\040\000d\000e\000f\000i\000n\000i\000t\000i\000o\000n}{section.9}% 18
\BOOKMARK [2][-]{subsection.9.6}{\376\377\000E\000x\000a\000m\000p\000l\000e\000\040\000o\000f\000\040\000E\000C\000C\000O\000\040\000V\0004\000r\0004\000\040\000n\000e\000t\000C\000D\000F\000\040\000l\000a\000t\000l\000o\000n\000\040\000g\000r\000i\000d\000\040\000d\000a\000t\000a\000s\000e\000t\000s}{section.9}% 19
\BOOKMARK [2][-]{subsection.9.7}{\376\377\000E\000x\000a\000m\000p\000l\000e\000\040\000o\000f\000\040\000E\000C\000C\000O\000\040\000V\0004\000r\0004\000\040\000n\000e\000t\000C\000D\000F\000\040\000n\000a\000t\000i\000v\000e\000\040\000l\000l\000c\0009\0000\000\040\000g\000r\000i\000d\000\040\000d\000a\000t\000a\000s\000e\000t\000s}{section.9}% 20
\BOOKMARK [2][-]{subsection.9.8}{\376\377\000E\000x\000a\000m\000p\000l\000e\000\040\000o\000f\000\040\000E\000C\000C\000O\000\040\000V\0004\000r\0004\000\040\000n\000e\000t\000C\000D\000F\000\040\000f\000o\000r\000\040\0001\000D\000\040\000d\000a\000t\000a}{section.9}% 21
\BOOKMARK [1][-]{section.10}{\376\377\000N\000a\000t\000i\000v\000e\000\040\000l\000a\000t\000-\000l\000o\000n\000-\000c\000a\000p\000\040\0009\0000\000\040\000\050\000l\000l\000c\0009\0000\000\051\000\040\000C\000o\000o\000r\000d\000i\000n\000a\000t\000e\000s\000\040\000a\000n\000d\000\040\000G\000r\000i\000d\000\040\000G\000e\000o\000m\000e\000t\000r\000y}{}% 22
\BOOKMARK [2][-]{subsection.10.1}{\376\377\000N\000a\000t\000i\000v\000e\000\040\000c\000o\000o\000r\000d\000i\000n\000a\000t\000e\000s\000\040\000G\000R\000I\000D\000\137\000G\000E\000O\000M\000E\000T\000R\000Y\000\137\000E\000C\000C\000O}{section.10}% 23
\BOOKMARK [3][-]{subsubsection.10.1.1}{\376\377\000O\000v\000e\000r\000v\000i\000e\000w}{subsection.10.1}% 24
\BOOKMARK [3][-]{subsubsection.10.1.2}{\376\377\000N\000a\000t\000i\000v\000e\000\040\000c\000o\000o\000r\000d\000i\000n\000a\000t\000e\000s\000\040\000V\000a\000r\000i\000a\000b\000l\000e\000:\000\040\000X\000C}{subsection.10.1}% 25
\BOOKMARK [3][-]{subsubsection.10.1.3}{\376\377\000N\000a\000t\000i\000v\000e\000\040\000c\000o\000o\000r\000d\000i\000n\000a\000t\000e\000s\000\040\000V\000a\000r\000i\000a\000b\000l\000e\000:\000\040\000Y\000C}{subsection.10.1}% 26
\BOOKMARK [3][-]{subsubsection.10.1.4}{\376\377\000N\000a\000t\000i\000v\000e\000\040\000c\000o\000o\000r\000d\000i\000n\000a\000t\000e\000s\000\040\000V\000a\000r\000i\000a\000b\000l\000e\000:\000\040\000X\000G}{subsection.10.1}% 27
\BOOKMARK [3][-]{subsubsection.10.1.5}{\376\377\000N\000a\000t\000i\000v\000e\000\040\000c\000o\000o\000r\000d\000i\000n\000a\000t\000e\000s\000\040\000V\000a\000r\000i\000a\000b\000l\000e\000:\000\040\000Y\000G}{subsection.10.1}% 28
\BOOKMARK [3][-]{subsubsection.10.1.6}{\376\377\000N\000a\000t\000i\000v\000e\000\040\000c\000o\000o\000r\000d\000i\000n\000a\000t\000e\000s\000\040\000V\000a\000r\000i\000a\000b\000l\000e\000:\000\040\000C\000S}{subsection.10.1}% 29
\BOOKMARK [3][-]{subsubsection.10.1.7}{\376\377\000N\000a\000t\000i\000v\000e\000\040\000c\000o\000o\000r\000d\000i\000n\000a\000t\000e\000s\000\040\000V\000a\000r\000i\000a\000b\000l\000e\000:\000\040\000S\000N}{subsection.10.1}% 30
\BOOKMARK [3][-]{subsubsection.10.1.8}{\376\377\000N\000a\000t\000i\000v\000e\000\040\000c\000o\000o\000r\000d\000i\000n\000a\000t\000e\000s\000\040\000V\000a\000r\000i\000a\000b\000l\000e\000:\000\040\000r\000A}{subsection.10.1}% 31
\BOOKMARK [3][-]{subsubsection.10.1.9}{\376\377\000N\000a\000t\000i\000v\000e\000\040\000c\000o\000o\000r\000d\000i\000n\000a\000t\000e\000s\000\040\000V\000a\000r\000i\000a\000b\000l\000e\000:\000\040\000d\000x\000G}{subsection.10.1}% 32
\BOOKMARK [3][-]{subsubsection.10.1.10}{\376\377\000N\000a\000t\000i\000v\000e\000\040\000c\000o\000o\000r\000d\000i\000n\000a\000t\000e\000s\000\040\000V\000a\000r\000i\000a\000b\000l\000e\000:\000\040\000d\000y\000G}{subsection.10.1}% 33
\BOOKMARK [3][-]{subsubsection.10.1.11}{\376\377\000N\000a\000t\000i\000v\000e\000\040\000c\000o\000o\000r\000d\000i\000n\000a\000t\000e\000s\000\040\000V\000a\000r\000i\000a\000b\000l\000e\000:\000\040\000D\000e\000p\000t\000h}{subsection.10.1}% 34
\BOOKMARK [3][-]{subsubsection.10.1.12}{\376\377\000N\000a\000t\000i\000v\000e\000\040\000c\000o\000o\000r\000d\000i\000n\000a\000t\000e\000s\000\040\000V\000a\000r\000i\000a\000b\000l\000e\000:\000\040\000r\000A\000z}{subsection.10.1}% 35
\BOOKMARK [3][-]{subsubsection.10.1.13}{\376\377\000N\000a\000t\000i\000v\000e\000\040\000c\000o\000o\000r\000d\000i\000n\000a\000t\000e\000s\000\040\000V\000a\000r\000i\000a\000b\000l\000e\000:\000\040\000d\000x\000C}{subsection.10.1}% 36
\BOOKMARK [3][-]{subsubsection.10.1.14}{\376\377\000N\000a\000t\000i\000v\000e\000\040\000c\000o\000o\000r\000d\000i\000n\000a\000t\000e\000s\000\040\000V\000a\000r\000i\000a\000b\000l\000e\000:\000\040\000d\000y\000C}{subsection.10.1}% 37
\BOOKMARK [3][-]{subsubsection.10.1.15}{\376\377\000N\000a\000t\000i\000v\000e\000\040\000c\000o\000o\000r\000d\000i\000n\000a\000t\000e\000s\000\040\000V\000a\000r\000i\000a\000b\000l\000e\000:\000\040\000r\000A\000w}{subsection.10.1}% 38
\BOOKMARK [3][-]{subsubsection.10.1.16}{\376\377\000N\000a\000t\000i\000v\000e\000\040\000c\000o\000o\000r\000d\000i\000n\000a\000t\000e\000s\000\040\000V\000a\000r\000i\000a\000b\000l\000e\000:\000\040\000r\000A\000s}{subsection.10.1}% 39
\BOOKMARK [3][-]{subsubsection.10.1.17}{\376\377\000N\000a\000t\000i\000v\000e\000\040\000c\000o\000o\000r\000d\000i\000n\000a\000t\000e\000s\000\040\000V\000a\000r\000i\000a\000b\000l\000e\000:\000\040\000h\000F\000a\000c\000C}{subsection.10.1}% 40
\BOOKMARK [3][-]{subsubsection.10.1.18}{\376\377\000N\000a\000t\000i\000v\000e\000\040\000c\000o\000o\000r\000d\000i\000n\000a\000t\000e\000s\000\040\000V\000a\000r\000i\000a\000b\000l\000e\000:\000\040\000h\000F\000a\000c\000W}{subsection.10.1}% 41
\BOOKMARK [3][-]{subsubsection.10.1.19}{\376\377\000N\000a\000t\000i\000v\000e\000\040\000c\000o\000o\000r\000d\000i\000n\000a\000t\000e\000s\000\040\000V\000a\000r\000i\000a\000b\000l\000e\000:\000\040\000h\000F\000a\000c\000S}{subsection.10.1}% 42
\BOOKMARK [3][-]{subsubsection.10.1.20}{\376\377\000N\000a\000t\000i\000v\000e\000\040\000c\000o\000o\000r\000d\000i\000n\000a\000t\000e\000s\000\040\000V\000a\000r\000i\000a\000b\000l\000e\000:\000\040\000m\000a\000s\000k\000C}{subsection.10.1}% 43
\BOOKMARK [3][-]{subsubsection.10.1.21}{\376\377\000N\000a\000t\000i\000v\000e\000\040\000c\000o\000o\000r\000d\000i\000n\000a\000t\000e\000s\000\040\000V\000a\000r\000i\000a\000b\000l\000e\000:\000\040\000m\000a\000s\000k\000W}{subsection.10.1}% 44
\BOOKMARK [3][-]{subsubsection.10.1.22}{\376\377\000N\000a\000t\000i\000v\000e\000\040\000c\000o\000o\000r\000d\000i\000n\000a\000t\000e\000s\000\040\000V\000a\000r\000i\000a\000b\000l\000e\000:\000\040\000m\000a\000s\000k\000S}{subsection.10.1}% 45
\BOOKMARK [1][-]{section.11}{\376\377\000N\000a\000t\000i\000v\000e\000\040\000D\000a\000t\000a\000s\000e\000t\000\040\000G\000r\000o\000u\000p\000i\000n\000g\000s}{}% 46
\BOOKMARK [2][-]{subsection.11.1}{\376\377\000N\000a\000t\000i\000v\000e\000\040\000d\000a\000t\000a\000s\000e\000t\000\040\000o\000f\000\040\000A\000T\000M\000\137\000S\000U\000R\000F\000A\000C\000E\000\137\000T\000E\000M\000P\000\137\000H\000U\000M\000\137\000W\000I\000N\000D\000\137\000P\000R\000E\000S}{section.11}% 47
\BOOKMARK [3][-]{subsubsection.11.1.1}{\376\377\000O\000v\000e\000r\000v\000i\000e\000w}{subsection.11.1}% 48
\BOOKMARK [3][-]{subsubsection.11.1.2}{\376\377\000N\000a\000t\000i\000v\000e\000\040\000V\000a\000r\000i\000a\000b\000l\000e\000:\000\040\000E\000X\000F\000a\000q\000h}{subsection.11.1}% 49
\BOOKMARK [3][-]{subsubsection.11.1.3}{\376\377\000N\000a\000t\000i\000v\000e\000\040\000V\000a\000r\000i\000a\000b\000l\000e\000:\000\040\000E\000X\000F\000a\000t\000e\000m\000p}{subsection.11.1}% 50
\BOOKMARK [3][-]{subsubsection.11.1.4}{\376\377\000N\000a\000t\000i\000v\000e\000\040\000V\000a\000r\000i\000a\000b\000l\000e\000:\000\040\000E\000X\000F\000p\000r\000e\000s\000s}{subsection.11.1}% 51
\BOOKMARK [3][-]{subsubsection.11.1.5}{\376\377\000N\000a\000t\000i\000v\000e\000\040\000V\000a\000r\000i\000a\000b\000l\000e\000:\000\040\000E\000X\000F\000u\000w\000i\000n\000d}{subsection.11.1}% 52
\BOOKMARK [3][-]{subsubsection.11.1.6}{\376\377\000N\000a\000t\000i\000v\000e\000\040\000V\000a\000r\000i\000a\000b\000l\000e\000:\000\040\000E\000X\000F\000v\000w\000i\000n\000d}{subsection.11.1}% 53
\BOOKMARK [3][-]{subsubsection.11.1.7}{\376\377\000N\000a\000t\000i\000v\000e\000\040\000V\000a\000r\000i\000a\000b\000l\000e\000:\000\040\000E\000X\000F\000w\000s\000p\000e\000e}{subsection.11.1}% 54
\BOOKMARK [2][-]{subsection.11.2}{\376\377\000N\000a\000t\000i\000v\000e\000\040\000d\000a\000t\000a\000s\000e\000t\000\040\000o\000f\000\040\000O\000C\000E\000A\000N\000\137\0003\000D\000\137\000M\000I\000X\000I\000N\000G\000\137\000C\000O\000E\000F\000F\000S}{section.11}% 55
\BOOKMARK [3][-]{subsubsection.11.2.1}{\376\377\000O\000v\000e\000r\000v\000i\000e\000w}{subsection.11.2}% 56
\BOOKMARK [3][-]{subsubsection.11.2.2}{\376\377\000N\000a\000t\000i\000v\000e\000\040\000V\000a\000r\000i\000a\000b\000l\000e\000:\000\040\000D\000I\000F\000F\000K\000R}{subsection.11.2}% 57
\BOOKMARK [3][-]{subsubsection.11.2.3}{\376\377\000N\000a\000t\000i\000v\000e\000\040\000V\000a\000r\000i\000a\000b\000l\000e\000:\000\040\000K\000A\000P\000G\000M}{subsection.11.2}% 58
\BOOKMARK [3][-]{subsubsection.11.2.4}{\376\377\000N\000a\000t\000i\000v\000e\000\040\000V\000a\000r\000i\000a\000b\000l\000e\000:\000\040\000K\000A\000P\000R\000E\000D\000I}{subsection.11.2}% 59
\BOOKMARK [2][-]{subsection.11.3}{\376\377\000N\000a\000t\000i\000v\000e\000\040\000d\000a\000t\000a\000s\000e\000t\000\040\000o\000f\000\040\000O\000C\000E\000A\000N\000\137\0003\000D\000\137\000M\000O\000M\000E\000N\000T\000U\000M\000\137\000T\000E\000N\000D}{section.11}% 60
\BOOKMARK [3][-]{subsubsection.11.3.1}{\376\377\000O\000v\000e\000r\000v\000i\000e\000w}{subsection.11.3}% 61
\BOOKMARK [3][-]{subsubsection.11.3.2}{\376\377\000N\000a\000t\000i\000v\000e\000\040\000V\000a\000r\000i\000a\000b\000l\000e\000:\000\040\000U\000m\000\137\000d\000P\000H\000d\000x}{subsection.11.3}% 62
\BOOKMARK [3][-]{subsubsection.11.3.3}{\376\377\000N\000a\000t\000i\000v\000e\000\040\000V\000a\000r\000i\000a\000b\000l\000e\000:\000\040\000V\000m\000\137\000d\000P\000H\000d\000y}{subsection.11.3}% 63
\BOOKMARK [2][-]{subsection.11.4}{\376\377\000N\000a\000t\000i\000v\000e\000\040\000d\000a\000t\000a\000s\000e\000t\000\040\000o\000f\000\040\000O\000C\000E\000A\000N\000\137\0003\000D\000\137\000S\000A\000L\000I\000N\000I\000T\000Y\000\137\000F\000L\000U\000X}{section.11}% 64
\BOOKMARK [3][-]{subsubsection.11.4.1}{\376\377\000O\000v\000e\000r\000v\000i\000e\000w}{subsection.11.4}% 65
\BOOKMARK [3][-]{subsubsection.11.4.2}{\376\377\000N\000a\000t\000i\000v\000e\000\040\000V\000a\000r\000i\000a\000b\000l\000e\000:\000\040\000A\000D\000V\000r\000\137\000S\000L\000T}{subsection.11.4}% 66
\BOOKMARK [3][-]{subsubsection.11.4.3}{\376\377\000N\000a\000t\000i\000v\000e\000\040\000V\000a\000r\000i\000a\000b\000l\000e\000:\000\040\000A\000D\000V\000x\000\137\000S\000L\000T}{subsection.11.4}% 67
\BOOKMARK [3][-]{subsubsection.11.4.4}{\376\377\000N\000a\000t\000i\000v\000e\000\040\000V\000a\000r\000i\000a\000b\000l\000e\000:\000\040\000A\000D\000V\000y\000\137\000S\000L\000T}{subsection.11.4}% 68
\BOOKMARK [3][-]{subsubsection.11.4.5}{\376\377\000N\000a\000t\000i\000v\000e\000\040\000V\000a\000r\000i\000a\000b\000l\000e\000:\000\040\000D\000F\000r\000E\000\137\000S\000L\000T}{subsection.11.4}% 69
\BOOKMARK [3][-]{subsubsection.11.4.6}{\376\377\000N\000a\000t\000i\000v\000e\000\040\000V\000a\000r\000i\000a\000b\000l\000e\000:\000\040\000D\000F\000r\000I\000\137\000S\000L\000T}{subsection.11.4}% 70
\BOOKMARK [3][-]{subsubsection.11.4.7}{\376\377\000N\000a\000t\000i\000v\000e\000\040\000V\000a\000r\000i\000a\000b\000l\000e\000:\000\040\000D\000F\000x\000E\000\137\000S\000L\000T}{subsection.11.4}% 71
\BOOKMARK [3][-]{subsubsection.11.4.8}{\376\377\000N\000a\000t\000i\000v\000e\000\040\000V\000a\000r\000i\000a\000b\000l\000e\000:\000\040\000D\000F\000y\000E\000\137\000S\000L\000T}{subsection.11.4}% 72
\BOOKMARK [3][-]{subsubsection.11.4.9}{\376\377\000N\000a\000t\000i\000v\000e\000\040\000V\000a\000r\000i\000a\000b\000l\000e\000:\000\040\000o\000c\000e\000S\000P\000t\000n\000d}{subsection.11.4}% 73
\BOOKMARK [2][-]{subsection.11.5}{\376\377\000N\000a\000t\000i\000v\000e\000\040\000d\000a\000t\000a\000s\000e\000t\000\040\000o\000f\000\040\000O\000C\000E\000A\000N\000\137\0003\000D\000\137\000T\000E\000M\000P\000E\000R\000A\000T\000U\000R\000E\000\137\000F\000L\000U\000X}{section.11}% 74
\BOOKMARK [3][-]{subsubsection.11.5.1}{\376\377\000O\000v\000e\000r\000v\000i\000e\000w}{subsection.11.5}% 75
\BOOKMARK [3][-]{subsubsection.11.5.2}{\376\377\000N\000a\000t\000i\000v\000e\000\040\000V\000a\000r\000i\000a\000b\000l\000e\000:\000\040\000A\000D\000V\000r\000\137\000T\000H}{subsection.11.5}% 76
\BOOKMARK [3][-]{subsubsection.11.5.3}{\376\377\000N\000a\000t\000i\000v\000e\000\040\000V\000a\000r\000i\000a\000b\000l\000e\000:\000\040\000A\000D\000V\000x\000\137\000T\000H}{subsection.11.5}% 77
\BOOKMARK [3][-]{subsubsection.11.5.4}{\376\377\000N\000a\000t\000i\000v\000e\000\040\000V\000a\000r\000i\000a\000b\000l\000e\000:\000\040\000A\000D\000V\000y\000\137\000T\000H}{subsection.11.5}% 78
\BOOKMARK [3][-]{subsubsection.11.5.5}{\376\377\000N\000a\000t\000i\000v\000e\000\040\000V\000a\000r\000i\000a\000b\000l\000e\000:\000\040\000D\000F\000r\000E\000\137\000T\000H}{subsection.11.5}% 79
\BOOKMARK [3][-]{subsubsection.11.5.6}{\376\377\000N\000a\000t\000i\000v\000e\000\040\000V\000a\000r\000i\000a\000b\000l\000e\000:\000\040\000D\000F\000r\000I\000\137\000T\000H}{subsection.11.5}% 80
\BOOKMARK [3][-]{subsubsection.11.5.7}{\376\377\000N\000a\000t\000i\000v\000e\000\040\000V\000a\000r\000i\000a\000b\000l\000e\000:\000\040\000D\000F\000x\000E\000\137\000T\000H}{subsection.11.5}% 81
\BOOKMARK [3][-]{subsubsection.11.5.8}{\376\377\000N\000a\000t\000i\000v\000e\000\040\000V\000a\000r\000i\000a\000b\000l\000e\000:\000\040\000D\000F\000y\000E\000\137\000T\000H}{subsection.11.5}% 82
\BOOKMARK [2][-]{subsection.11.6}{\376\377\000N\000a\000t\000i\000v\000e\000\040\000d\000a\000t\000a\000s\000e\000t\000\040\000o\000f\000\040\000O\000C\000E\000A\000N\000\137\0003\000D\000\137\000V\000O\000L\000U\000M\000E\000\137\000F\000L\000U\000X}{section.11}% 83
\BOOKMARK [3][-]{subsubsection.11.6.1}{\376\377\000O\000v\000e\000r\000v\000i\000e\000w}{subsection.11.6}% 84
\BOOKMARK [3][-]{subsubsection.11.6.2}{\376\377\000N\000a\000t\000i\000v\000e\000\040\000V\000a\000r\000i\000a\000b\000l\000e\000:\000\040\000U\000V\000E\000L\000M\000A\000S\000S}{subsection.11.6}% 85
\BOOKMARK [3][-]{subsubsection.11.6.3}{\376\377\000N\000a\000t\000i\000v\000e\000\040\000V\000a\000r\000i\000a\000b\000l\000e\000:\000\040\000V\000V\000E\000L\000M\000A\000S\000S}{subsection.11.6}% 86
\BOOKMARK [3][-]{subsubsection.11.6.4}{\376\377\000N\000a\000t\000i\000v\000e\000\040\000V\000a\000r\000i\000a\000b\000l\000e\000:\000\040\000W\000V\000E\000L\000M\000A\000S\000S}{subsection.11.6}% 87
\BOOKMARK [2][-]{subsection.11.7}{\376\377\000N\000a\000t\000i\000v\000e\000\040\000d\000a\000t\000a\000s\000e\000t\000\040\000o\000f\000\040\000O\000C\000E\000A\000N\000\137\000A\000N\000D\000\137\000I\000C\000E\000\137\000S\000U\000R\000F\000A\000C\000E\000\137\000F\000W\000\137\000F\000L\000U\000X}{section.11}% 88
\BOOKMARK [3][-]{subsubsection.11.7.1}{\376\377\000O\000v\000e\000r\000v\000i\000e\000w}{subsection.11.7}% 89
\BOOKMARK [3][-]{subsubsection.11.7.2}{\376\377\000N\000a\000t\000i\000v\000e\000\040\000V\000a\000r\000i\000a\000b\000l\000e\000:\000\040\000E\000X\000F\000e\000m\000p\000m\000r}{subsection.11.7}% 90
\BOOKMARK [3][-]{subsubsection.11.7.3}{\376\377\000N\000a\000t\000i\000v\000e\000\040\000V\000a\000r\000i\000a\000b\000l\000e\000:\000\040\000E\000X\000F\000e\000v\000a\000p}{subsection.11.7}% 91
\BOOKMARK [3][-]{subsubsection.11.7.4}{\376\377\000N\000a\000t\000i\000v\000e\000\040\000V\000a\000r\000i\000a\000b\000l\000e\000:\000\040\000E\000X\000F\000p\000r\000e\000c\000i}{subsection.11.7}% 92
\BOOKMARK [3][-]{subsubsection.11.7.5}{\376\377\000N\000a\000t\000i\000v\000e\000\040\000V\000a\000r\000i\000a\000b\000l\000e\000:\000\040\000E\000X\000F\000r\000o\000f\000f}{subsection.11.7}% 93
\BOOKMARK [3][-]{subsubsection.11.7.6}{\376\377\000N\000a\000t\000i\000v\000e\000\040\000V\000a\000r\000i\000a\000b\000l\000e\000:\000\040\000S\000F\000L\000U\000X}{subsection.11.7}% 94
\BOOKMARK [3][-]{subsubsection.11.7.7}{\376\377\000N\000a\000t\000i\000v\000e\000\040\000V\000a\000r\000i\000a\000b\000l\000e\000:\000\040\000S\000I\000a\000c\000S\000u\000b\000l}{subsection.11.7}% 95
\BOOKMARK [3][-]{subsubsection.11.7.8}{\376\377\000N\000a\000t\000i\000v\000e\000\040\000V\000a\000r\000i\000a\000b\000l\000e\000:\000\040\000S\000I\000a\000t\000m\000F\000W}{subsection.11.7}% 96
\BOOKMARK [3][-]{subsubsection.11.7.9}{\376\377\000N\000a\000t\000i\000v\000e\000\040\000V\000a\000r\000i\000a\000b\000l\000e\000:\000\040\000S\000I\000f\000w\000T\000h\000r\000u}{subsection.11.7}% 97
\BOOKMARK [3][-]{subsubsection.11.7.10}{\376\377\000N\000a\000t\000i\000v\000e\000\040\000V\000a\000r\000i\000a\000b\000l\000e\000:\000\040\000S\000I\000r\000s\000S\000u\000b\000l}{subsection.11.7}% 98
\BOOKMARK [3][-]{subsubsection.11.7.11}{\376\377\000N\000a\000t\000i\000v\000e\000\040\000V\000a\000r\000i\000a\000b\000l\000e\000:\000\040\000S\000I\000s\000n\000P\000r\000c\000p}{subsection.11.7}% 99
\BOOKMARK [3][-]{subsubsection.11.7.12}{\376\377\000N\000a\000t\000i\000v\000e\000\040\000V\000a\000r\000i\000a\000b\000l\000e\000:\000\040\000o\000c\000e\000F\000W\000f\000l\000x}{subsection.11.7}% 100
\BOOKMARK [2][-]{subsection.11.8}{\376\377\000N\000a\000t\000i\000v\000e\000\040\000d\000a\000t\000a\000s\000e\000t\000\040\000o\000f\000\040\000O\000C\000E\000A\000N\000\137\000A\000N\000D\000\137\000I\000C\000E\000\137\000S\000U\000R\000F\000A\000C\000E\000\137\000H\000E\000A\000T\000\137\000F\000L\000U\000X}{section.11}% 101
\BOOKMARK [3][-]{subsubsection.11.8.1}{\376\377\000O\000v\000e\000r\000v\000i\000e\000w}{subsection.11.8}% 102
\BOOKMARK [3][-]{subsubsection.11.8.2}{\376\377\000N\000a\000t\000i\000v\000e\000\040\000V\000a\000r\000i\000a\000b\000l\000e\000:\000\040\000E\000X\000F\000h\000l}{subsection.11.8}% 103
\BOOKMARK [3][-]{subsubsection.11.8.3}{\376\377\000N\000a\000t\000i\000v\000e\000\040\000V\000a\000r\000i\000a\000b\000l\000e\000:\000\040\000E\000X\000F\000h\000s}{subsection.11.8}% 104
\BOOKMARK [3][-]{subsubsection.11.8.4}{\376\377\000N\000a\000t\000i\000v\000e\000\040\000V\000a\000r\000i\000a\000b\000l\000e\000:\000\040\000E\000X\000F\000l\000w\000d\000n}{subsection.11.8}% 105
\BOOKMARK [3][-]{subsubsection.11.8.5}{\376\377\000N\000a\000t\000i\000v\000e\000\040\000V\000a\000r\000i\000a\000b\000l\000e\000:\000\040\000E\000X\000F\000l\000w\000n\000e\000t}{subsection.11.8}% 106
\BOOKMARK [3][-]{subsubsection.11.8.6}{\376\377\000N\000a\000t\000i\000v\000e\000\040\000V\000a\000r\000i\000a\000b\000l\000e\000:\000\040\000E\000X\000F\000q\000n\000e\000t}{subsection.11.8}% 107
\BOOKMARK [3][-]{subsubsection.11.8.7}{\376\377\000N\000a\000t\000i\000v\000e\000\040\000V\000a\000r\000i\000a\000b\000l\000e\000:\000\040\000E\000X\000F\000s\000w\000d\000n}{subsection.11.8}% 108
\BOOKMARK [3][-]{subsubsection.11.8.8}{\376\377\000N\000a\000t\000i\000v\000e\000\040\000V\000a\000r\000i\000a\000b\000l\000e\000:\000\040\000E\000X\000F\000s\000w\000n\000e\000t}{subsection.11.8}% 109
\BOOKMARK [3][-]{subsubsection.11.8.9}{\376\377\000N\000a\000t\000i\000v\000e\000\040\000V\000a\000r\000i\000a\000b\000l\000e\000:\000\040\000S\000I\000a\000a\000f\000l\000u\000x}{subsection.11.8}% 110
\BOOKMARK [3][-]{subsubsection.11.8.10}{\376\377\000N\000a\000t\000i\000v\000e\000\040\000V\000a\000r\000i\000a\000b\000l\000e\000:\000\040\000S\000I\000a\000t\000m\000Q\000n\000t}{subsection.11.8}% 111
\BOOKMARK [3][-]{subsubsection.11.8.11}{\376\377\000N\000a\000t\000i\000v\000e\000\040\000V\000a\000r\000i\000a\000b\000l\000e\000:\000\040\000T\000F\000L\000U\000X}{subsection.11.8}% 112
\BOOKMARK [3][-]{subsubsection.11.8.12}{\376\377\000N\000a\000t\000i\000v\000e\000\040\000V\000a\000r\000i\000a\000b\000l\000e\000:\000\040\000o\000c\000e\000Q\000n\000e\000t}{subsection.11.8}% 113
\BOOKMARK [3][-]{subsubsection.11.8.13}{\376\377\000N\000a\000t\000i\000v\000e\000\040\000V\000a\000r\000i\000a\000b\000l\000e\000:\000\040\000o\000c\000e\000Q\000s\000w}{subsection.11.8}% 114
\BOOKMARK [2][-]{subsection.11.9}{\376\377\000N\000a\000t\000i\000v\000e\000\040\000d\000a\000t\000a\000s\000e\000t\000\040\000o\000f\000\040\000O\000C\000E\000A\000N\000\137\000A\000N\000D\000\137\000I\000C\000E\000\137\000S\000U\000R\000F\000A\000C\000E\000\137\000S\000T\000R\000E\000S\000S}{section.11}% 115
\BOOKMARK [3][-]{subsubsection.11.9.1}{\376\377\000O\000v\000e\000r\000v\000i\000e\000w}{subsection.11.9}% 116
\BOOKMARK [3][-]{subsubsection.11.9.2}{\376\377\000N\000a\000t\000i\000v\000e\000\040\000V\000a\000r\000i\000a\000b\000l\000e\000:\000\040\000E\000X\000F\000t\000a\000u\000x}{subsection.11.9}% 117
\BOOKMARK [3][-]{subsubsection.11.9.3}{\376\377\000N\000a\000t\000i\000v\000e\000\040\000V\000a\000r\000i\000a\000b\000l\000e\000:\000\040\000E\000X\000F\000t\000a\000u\000y}{subsection.11.9}% 118
\BOOKMARK [3][-]{subsubsection.11.9.4}{\376\377\000N\000a\000t\000i\000v\000e\000\040\000V\000a\000r\000i\000a\000b\000l\000e\000:\000\040\000o\000c\000e\000T\000A\000U\000X}{subsection.11.9}% 119
\BOOKMARK [3][-]{subsubsection.11.9.5}{\376\377\000N\000a\000t\000i\000v\000e\000\040\000V\000a\000r\000i\000a\000b\000l\000e\000:\000\040\000o\000c\000e\000T\000A\000U\000Y}{subsection.11.9}% 120
\BOOKMARK [2][-]{subsection.11.10}{\376\377\000N\000a\000t\000i\000v\000e\000\040\000d\000a\000t\000a\000s\000e\000t\000\040\000o\000f\000\040\000O\000C\000E\000A\000N\000\137\000B\000O\000L\000U\000S\000\137\000S\000T\000R\000E\000A\000M\000F\000U\000N\000C\000T\000I\000O\000N}{section.11}% 121
\BOOKMARK [3][-]{subsubsection.11.10.1}{\376\377\000O\000v\000e\000r\000v\000i\000e\000w}{subsection.11.10}% 122
\BOOKMARK [3][-]{subsubsection.11.10.2}{\376\377\000N\000a\000t\000i\000v\000e\000\040\000V\000a\000r\000i\000a\000b\000l\000e\000:\000\040\000G\000M\000\137\000P\000s\000i\000X}{subsection.11.10}% 123
\BOOKMARK [3][-]{subsubsection.11.10.3}{\376\377\000N\000a\000t\000i\000v\000e\000\040\000V\000a\000r\000i\000a\000b\000l\000e\000:\000\040\000G\000M\000\137\000P\000s\000i\000Y}{subsection.11.10}% 124
\BOOKMARK [2][-]{subsection.11.11}{\376\377\000N\000a\000t\000i\000v\000e\000\040\000d\000a\000t\000a\000s\000e\000t\000\040\000o\000f\000\040\000O\000C\000E\000A\000N\000\137\000B\000O\000L\000U\000S\000\137\000V\000E\000L\000O\000C\000I\000T\000Y}{section.11}% 125
\BOOKMARK [3][-]{subsubsection.11.11.1}{\376\377\000O\000v\000e\000r\000v\000i\000e\000w}{subsection.11.11}% 126
\BOOKMARK [3][-]{subsubsection.11.11.2}{\376\377\000N\000a\000t\000i\000v\000e\000\040\000V\000a\000r\000i\000a\000b\000l\000e\000:\000\040\000U\000V\000E\000L\000S\000T\000A\000R}{subsection.11.11}% 127
\BOOKMARK [3][-]{subsubsection.11.11.3}{\376\377\000N\000a\000t\000i\000v\000e\000\040\000V\000a\000r\000i\000a\000b\000l\000e\000:\000\040\000V\000V\000E\000L\000S\000T\000A\000R}{subsection.11.11}% 128
\BOOKMARK [3][-]{subsubsection.11.11.4}{\376\377\000N\000a\000t\000i\000v\000e\000\040\000V\000a\000r\000i\000a\000b\000l\000e\000:\000\040\000W\000V\000E\000L\000S\000T\000A\000R}{subsection.11.11}% 129
\BOOKMARK [2][-]{subsection.11.12}{\376\377\000N\000a\000t\000i\000v\000e\000\040\000d\000a\000t\000a\000s\000e\000t\000\040\000o\000f\000\040\000O\000C\000E\000A\000N\000\137\000B\000O\000T\000T\000O\000M\000\137\000P\000R\000E\000S\000S\000U\000R\000E}{section.11}% 130
\BOOKMARK [3][-]{subsubsection.11.12.1}{\376\377\000O\000v\000e\000r\000v\000i\000e\000w}{subsection.11.12}% 131
\BOOKMARK [3][-]{subsubsection.11.12.2}{\376\377\000N\000a\000t\000i\000v\000e\000\040\000V\000a\000r\000i\000a\000b\000l\000e\000:\000\040\000O\000B\000P}{subsection.11.12}% 132
\BOOKMARK [3][-]{subsubsection.11.12.3}{\376\377\000N\000a\000t\000i\000v\000e\000\040\000V\000a\000r\000i\000a\000b\000l\000e\000:\000\040\000O\000B\000P\000G\000M\000A\000P}{subsection.11.12}% 133
\BOOKMARK [3][-]{subsubsection.11.12.4}{\376\377\000N\000a\000t\000i\000v\000e\000\040\000V\000a\000r\000i\000a\000b\000l\000e\000:\000\040\000P\000H\000I\000B\000O\000T}{subsection.11.12}% 134
\BOOKMARK [2][-]{subsection.11.13}{\376\377\000N\000a\000t\000i\000v\000e\000\040\000d\000a\000t\000a\000s\000e\000t\000\040\000o\000f\000\040\000O\000C\000E\000A\000N\000\137\000D\000E\000N\000S\000\137\000S\000T\000R\000A\000T\000\137\000P\000R\000E\000S\000S}{section.11}% 135
\BOOKMARK [3][-]{subsubsection.11.13.1}{\376\377\000O\000v\000e\000r\000v\000i\000e\000w}{subsection.11.13}% 136
\BOOKMARK [3][-]{subsubsection.11.13.2}{\376\377\000N\000a\000t\000i\000v\000e\000\040\000V\000a\000r\000i\000a\000b\000l\000e\000:\000\040\000D\000R\000H\000O\000D\000R}{subsection.11.13}% 137
\BOOKMARK [3][-]{subsubsection.11.13.3}{\376\377\000N\000a\000t\000i\000v\000e\000\040\000V\000a\000r\000i\000a\000b\000l\000e\000:\000\040\000P\000H\000I\000H\000Y\000D}{subsection.11.13}% 138
\BOOKMARK [3][-]{subsubsection.11.13.4}{\376\377\000N\000a\000t\000i\000v\000e\000\040\000V\000a\000r\000i\000a\000b\000l\000e\000:\000\040\000P\000H\000I\000H\000Y\000D\000c\000R}{subsection.11.13}% 139
\BOOKMARK [3][-]{subsubsection.11.13.5}{\376\377\000N\000a\000t\000i\000v\000e\000\040\000V\000a\000r\000i\000a\000b\000l\000e\000:\000\040\000R\000H\000O\000A\000n\000o\000m\000a}{subsection.11.13}% 140
\BOOKMARK [2][-]{subsection.11.14}{\376\377\000N\000a\000t\000i\000v\000e\000\040\000d\000a\000t\000a\000s\000e\000t\000\040\000o\000f\000\040\000O\000C\000E\000A\000N\000\137\000M\000I\000X\000E\000D\000\137\000L\000A\000Y\000E\000R\000\137\000D\000E\000P\000T\000H}{section.11}% 141
\BOOKMARK [3][-]{subsubsection.11.14.1}{\376\377\000O\000v\000e\000r\000v\000i\000e\000w}{subsection.11.14}% 142
\BOOKMARK [3][-]{subsubsection.11.14.2}{\376\377\000N\000a\000t\000i\000v\000e\000\040\000V\000a\000r\000i\000a\000b\000l\000e\000:\000\040\000M\000X\000L\000D\000E\000P\000T\000H}{subsection.11.14}% 143
\BOOKMARK [2][-]{subsection.11.15}{\376\377\000N\000a\000t\000i\000v\000e\000\040\000d\000a\000t\000a\000s\000e\000t\000\040\000o\000f\000\040\000O\000C\000E\000A\000N\000\137\000T\000E\000M\000P\000E\000R\000A\000T\000U\000R\000E\000\137\000S\000A\000L\000I\000N\000I\000T\000Y}{section.11}% 144
\BOOKMARK [3][-]{subsubsection.11.15.1}{\376\377\000O\000v\000e\000r\000v\000i\000e\000w}{subsection.11.15}% 145
\BOOKMARK [3][-]{subsubsection.11.15.2}{\376\377\000N\000a\000t\000i\000v\000e\000\040\000V\000a\000r\000i\000a\000b\000l\000e\000:\000\040\000S\000A\000L\000T}{subsection.11.15}% 146
\BOOKMARK [3][-]{subsubsection.11.15.3}{\376\377\000N\000a\000t\000i\000v\000e\000\040\000V\000a\000r\000i\000a\000b\000l\000e\000:\000\040\000T\000H\000E\000T\000A}{subsection.11.15}% 147
\BOOKMARK [2][-]{subsection.11.16}{\376\377\000N\000a\000t\000i\000v\000e\000\040\000d\000a\000t\000a\000s\000e\000t\000\040\000o\000f\000\040\000O\000C\000E\000A\000N\000\137\000V\000E\000L\000O\000C\000I\000T\000Y}{section.11}% 148
\BOOKMARK [3][-]{subsubsection.11.16.1}{\376\377\000O\000v\000e\000r\000v\000i\000e\000w}{subsection.11.16}% 149
\BOOKMARK [3][-]{subsubsection.11.16.2}{\376\377\000N\000a\000t\000i\000v\000e\000\040\000V\000a\000r\000i\000a\000b\000l\000e\000:\000\040\000U\000V\000E\000L}{subsection.11.16}% 150
\BOOKMARK [3][-]{subsubsection.11.16.3}{\376\377\000N\000a\000t\000i\000v\000e\000\040\000V\000a\000r\000i\000a\000b\000l\000e\000:\000\040\000V\000V\000E\000L}{subsection.11.16}% 151
\BOOKMARK [3][-]{subsubsection.11.16.4}{\376\377\000N\000a\000t\000i\000v\000e\000\040\000V\000a\000r\000i\000a\000b\000l\000e\000:\000\040\000W\000V\000E\000L}{subsection.11.16}% 152
\BOOKMARK [2][-]{subsection.11.17}{\376\377\000N\000a\000t\000i\000v\000e\000\040\000d\000a\000t\000a\000s\000e\000t\000\040\000o\000f\000\040\000S\000E\000A\000\137\000I\000C\000E\000\137\000C\000O\000N\000C\000\137\000T\000H\000I\000C\000K\000N\000E\000S\000S}{section.11}% 153
\BOOKMARK [3][-]{subsubsection.11.17.1}{\376\377\000O\000v\000e\000r\000v\000i\000e\000w}{subsection.11.17}% 154
\BOOKMARK [3][-]{subsubsection.11.17.2}{\376\377\000N\000a\000t\000i\000v\000e\000\040\000V\000a\000r\000i\000a\000b\000l\000e\000:\000\040\000S\000I\000a\000r\000e\000a}{subsection.11.17}% 155
\BOOKMARK [3][-]{subsubsection.11.17.3}{\376\377\000N\000a\000t\000i\000v\000e\000\040\000V\000a\000r\000i\000a\000b\000l\000e\000:\000\040\000S\000I\000h\000e\000f\000f}{subsection.11.17}% 156
\BOOKMARK [3][-]{subsubsection.11.17.4}{\376\377\000N\000a\000t\000i\000v\000e\000\040\000V\000a\000r\000i\000a\000b\000l\000e\000:\000\040\000S\000I\000h\000s\000n\000o\000w}{subsection.11.17}% 157
\BOOKMARK [3][-]{subsubsection.11.17.5}{\376\377\000N\000a\000t\000i\000v\000e\000\040\000V\000a\000r\000i\000a\000b\000l\000e\000:\000\040\000s\000I\000c\000e\000L\000o\000a\000d}{subsection.11.17}% 158
\BOOKMARK [2][-]{subsection.11.18}{\376\377\000N\000a\000t\000i\000v\000e\000\040\000d\000a\000t\000a\000s\000e\000t\000\040\000o\000f\000\040\000S\000E\000A\000\137\000I\000C\000E\000\137\000H\000O\000R\000I\000Z\000\137\000V\000O\000L\000U\000M\000E\000\137\000F\000L\000U\000X}{section.11}% 159
\BOOKMARK [3][-]{subsubsection.11.18.1}{\376\377\000O\000v\000e\000r\000v\000i\000e\000w}{subsection.11.18}% 160
\BOOKMARK [3][-]{subsubsection.11.18.2}{\376\377\000N\000a\000t\000i\000v\000e\000\040\000V\000a\000r\000i\000a\000b\000l\000e\000:\000\040\000A\000D\000V\000x\000H\000E\000F\000F}{subsection.11.18}% 161
\BOOKMARK [3][-]{subsubsection.11.18.3}{\376\377\000N\000a\000t\000i\000v\000e\000\040\000V\000a\000r\000i\000a\000b\000l\000e\000:\000\040\000A\000D\000V\000x\000S\000N\000O\000W}{subsection.11.18}% 162
\BOOKMARK [3][-]{subsubsection.11.18.4}{\376\377\000N\000a\000t\000i\000v\000e\000\040\000V\000a\000r\000i\000a\000b\000l\000e\000:\000\040\000A\000D\000V\000y\000H\000E\000F\000F}{subsection.11.18}% 163
\BOOKMARK [3][-]{subsubsection.11.18.5}{\376\377\000N\000a\000t\000i\000v\000e\000\040\000V\000a\000r\000i\000a\000b\000l\000e\000:\000\040\000A\000D\000V\000y\000S\000N\000O\000W}{subsection.11.18}% 164
\BOOKMARK [3][-]{subsubsection.11.18.6}{\376\377\000N\000a\000t\000i\000v\000e\000\040\000V\000a\000r\000i\000a\000b\000l\000e\000:\000\040\000D\000F\000x\000E\000H\000E\000F\000F}{subsection.11.18}% 165
\BOOKMARK [3][-]{subsubsection.11.18.7}{\376\377\000N\000a\000t\000i\000v\000e\000\040\000V\000a\000r\000i\000a\000b\000l\000e\000:\000\040\000D\000F\000x\000E\000S\000N\000O\000W}{subsection.11.18}% 166
\BOOKMARK [3][-]{subsubsection.11.18.8}{\376\377\000N\000a\000t\000i\000v\000e\000\040\000V\000a\000r\000i\000a\000b\000l\000e\000:\000\040\000D\000F\000y\000E\000H\000E\000F\000F}{subsection.11.18}% 167
\BOOKMARK [3][-]{subsubsection.11.18.9}{\376\377\000N\000a\000t\000i\000v\000e\000\040\000V\000a\000r\000i\000a\000b\000l\000e\000:\000\040\000D\000F\000y\000E\000S\000N\000O\000W}{subsection.11.18}% 168
\BOOKMARK [2][-]{subsection.11.19}{\376\377\000N\000a\000t\000i\000v\000e\000\040\000d\000a\000t\000a\000s\000e\000t\000\040\000o\000f\000\040\000S\000E\000A\000\137\000I\000C\000E\000\137\000S\000A\000L\000T\000\137\000P\000L\000U\000M\000E\000\137\000F\000L\000U\000X}{section.11}% 169
\BOOKMARK [3][-]{subsubsection.11.19.1}{\376\377\000O\000v\000e\000r\000v\000i\000e\000w}{subsection.11.19}% 170
\BOOKMARK [3][-]{subsubsection.11.19.2}{\376\377\000N\000a\000t\000i\000v\000e\000\040\000V\000a\000r\000i\000a\000b\000l\000e\000:\000\040\000o\000c\000e\000S\000P\000D\000e\000p}{subsection.11.19}% 171
\BOOKMARK [3][-]{subsubsection.11.19.3}{\376\377\000N\000a\000t\000i\000v\000e\000\040\000V\000a\000r\000i\000a\000b\000l\000e\000:\000\040\000o\000c\000e\000S\000P\000f\000l\000x}{subsection.11.19}% 172
\BOOKMARK [2][-]{subsection.11.20}{\376\377\000N\000a\000t\000i\000v\000e\000\040\000d\000a\000t\000a\000s\000e\000t\000\040\000o\000f\000\040\000S\000E\000A\000\137\000I\000C\000E\000\137\000V\000E\000L\000O\000C\000I\000T\000Y}{section.11}% 173
\BOOKMARK [3][-]{subsubsection.11.20.1}{\376\377\000O\000v\000e\000r\000v\000i\000e\000w}{subsection.11.20}% 174
\BOOKMARK [3][-]{subsubsection.11.20.2}{\376\377\000N\000a\000t\000i\000v\000e\000\040\000V\000a\000r\000i\000a\000b\000l\000e\000:\000\040\000S\000I\000u\000i\000c\000e}{subsection.11.20}% 175
\BOOKMARK [3][-]{subsubsection.11.20.3}{\376\377\000N\000a\000t\000i\000v\000e\000\040\000V\000a\000r\000i\000a\000b\000l\000e\000:\000\040\000S\000I\000v\000i\000c\000e}{subsection.11.20}% 176
\BOOKMARK [2][-]{subsection.11.21}{\376\377\000N\000a\000t\000i\000v\000e\000\040\000d\000a\000t\000a\000s\000e\000t\000\040\000o\000f\000\040\000S\000E\000A\000\137\000S\000U\000R\000F\000A\000C\000E\000\137\000H\000E\000I\000G\000H\000T}{section.11}% 177
\BOOKMARK [3][-]{subsubsection.11.21.1}{\376\377\000O\000v\000e\000r\000v\000i\000e\000w}{subsection.11.21}% 178
\BOOKMARK [3][-]{subsubsection.11.21.2}{\376\377\000N\000a\000t\000i\000v\000e\000\040\000V\000a\000r\000i\000a\000b\000l\000e\000:\000\040\000E\000T\000A\000N}{subsection.11.21}% 179
\BOOKMARK [3][-]{subsubsection.11.21.3}{\376\377\000N\000a\000t\000i\000v\000e\000\040\000V\000a\000r\000i\000a\000b\000l\000e\000:\000\040\000S\000S\000H}{subsection.11.21}% 180
\BOOKMARK [3][-]{subsubsection.11.21.4}{\376\377\000N\000a\000t\000i\000v\000e\000\040\000V\000a\000r\000i\000a\000b\000l\000e\000:\000\040\000S\000S\000H\000I\000B\000C}{subsection.11.21}% 181
\BOOKMARK [3][-]{subsubsection.11.21.5}{\376\377\000N\000a\000t\000i\000v\000e\000\040\000V\000a\000r\000i\000a\000b\000l\000e\000:\000\040\000S\000S\000H\000N\000O\000I\000B\000C}{subsection.11.21}% 182
\BOOKMARK [1][-]{section.12}{\376\377\000L\000a\000t\000-\000L\000o\000n\000\040\000C\000o\000o\000r\000d\000i\000n\000a\000t\000e\000s\000\040\000a\000n\000d\000\040\000G\000r\000i\000d\000\040\000G\000e\000o\000m\000e\000t\000r\000y}{}% 183
\BOOKMARK [2][-]{subsection.12.1}{\376\377\000L\000a\000t\000l\000o\000n\000\040\000d\000a\000t\000a\000s\000e\000t\000\040\000o\000f\000\040\000G\000R\000I\000D\000\137\000G\000E\000O\000M\000E\000T\000R\000Y\000\137\000E\000C\000C\000O}{section.12}% 184
\BOOKMARK [3][-]{subsubsection.12.1.1}{\376\377\000O\000v\000e\000r\000v\000i\000e\000w}{subsection.12.1}% 185
\BOOKMARK [3][-]{subsubsection.12.1.2}{\376\377\000L\000a\000t\000l\000o\000n\000\040\000V\000a\000r\000i\000a\000b\000l\000e\000:\000\040\000D\000e\000p\000t\000h}{subsection.12.1}% 186
\BOOKMARK [3][-]{subsubsection.12.1.3}{\376\377\000L\000a\000t\000l\000o\000n\000\040\000V\000a\000r\000i\000a\000b\000l\000e\000:\000\040\000a\000r\000e\000a}{subsection.12.1}% 187
\BOOKMARK [3][-]{subsubsection.12.1.4}{\376\377\000L\000a\000t\000l\000o\000n\000\040\000V\000a\000r\000i\000a\000b\000l\000e\000:\000\040\000d\000r\000F}{subsection.12.1}% 188
\BOOKMARK [3][-]{subsubsection.12.1.5}{\376\377\000L\000a\000t\000l\000o\000n\000\040\000V\000a\000r\000i\000a\000b\000l\000e\000:\000\040\000h\000F\000a\000c\000C}{subsection.12.1}% 189
\BOOKMARK [3][-]{subsubsection.12.1.6}{\376\377\000L\000a\000t\000l\000o\000n\000\040\000V\000a\000r\000i\000a\000b\000l\000e\000:\000\040\000m\000a\000s\000k\000C}{subsection.12.1}% 190
\BOOKMARK [1][-]{section.13}{\376\377\000L\000a\000t\000l\000o\000n\000\040\000D\000a\000t\000a\000s\000e\000t\000\040\000G\000r\000o\000u\000p\000i\000n\000g\000s}{}% 191
\BOOKMARK [2][-]{subsection.13.1}{\376\377\000L\000a\000t\000l\000o\000n\000\040\000d\000a\000t\000a\000s\000e\000t\000\040\000o\000f\000\040\000A\000T\000M\000\137\000S\000U\000R\000F\000A\000C\000E\000\137\000T\000E\000M\000P\000\137\000H\000U\000M\000\137\000W\000I\000N\000D\000\137\000P\000R\000E\000S}{section.13}% 192
\BOOKMARK [3][-]{subsubsection.13.1.1}{\376\377\000O\000v\000e\000r\000v\000i\000e\000w}{subsection.13.1}% 193
\BOOKMARK [3][-]{subsubsection.13.1.2}{\376\377\000L\000a\000t\000l\000o\000n\000\040\000V\000a\000r\000i\000a\000b\000l\000e\000:\000\040\000E\000X\000F\000a\000q\000h}{subsection.13.1}% 194
\BOOKMARK [3][-]{subsubsection.13.1.3}{\376\377\000L\000a\000t\000l\000o\000n\000\040\000V\000a\000r\000i\000a\000b\000l\000e\000:\000\040\000E\000X\000F\000a\000t\000e\000m\000p}{subsection.13.1}% 195
\BOOKMARK [3][-]{subsubsection.13.1.4}{\376\377\000L\000a\000t\000l\000o\000n\000\040\000V\000a\000r\000i\000a\000b\000l\000e\000:\000\040\000E\000X\000F\000e\000w\000i\000n\000d}{subsection.13.1}% 196
\BOOKMARK [3][-]{subsubsection.13.1.5}{\376\377\000L\000a\000t\000l\000o\000n\000\040\000V\000a\000r\000i\000a\000b\000l\000e\000:\000\040\000E\000X\000F\000n\000w\000i\000n\000d}{subsection.13.1}% 197
\BOOKMARK [3][-]{subsubsection.13.1.6}{\376\377\000L\000a\000t\000l\000o\000n\000\040\000V\000a\000r\000i\000a\000b\000l\000e\000:\000\040\000E\000X\000F\000p\000r\000e\000s\000s}{subsection.13.1}% 198
\BOOKMARK [3][-]{subsubsection.13.1.7}{\376\377\000L\000a\000t\000l\000o\000n\000\040\000V\000a\000r\000i\000a\000b\000l\000e\000:\000\040\000E\000X\000F\000w\000s\000p\000e\000e}{subsection.13.1}% 199
\BOOKMARK [2][-]{subsection.13.2}{\376\377\000L\000a\000t\000l\000o\000n\000\040\000d\000a\000t\000a\000s\000e\000t\000\040\000o\000f\000\040\000O\000C\000E\000A\000N\000\137\000A\000N\000D\000\137\000I\000C\000E\000\137\000S\000U\000R\000F\000A\000C\000E\000\137\000F\000W\000\137\000F\000L\000U\000X}{section.13}% 200
\BOOKMARK [3][-]{subsubsection.13.2.1}{\376\377\000O\000v\000e\000r\000v\000i\000e\000w}{subsection.13.2}% 201
\BOOKMARK [3][-]{subsubsection.13.2.2}{\376\377\000L\000a\000t\000l\000o\000n\000\040\000V\000a\000r\000i\000a\000b\000l\000e\000:\000\040\000E\000X\000F\000e\000m\000p\000m\000r}{subsection.13.2}% 202
\BOOKMARK [3][-]{subsubsection.13.2.3}{\376\377\000L\000a\000t\000l\000o\000n\000\040\000V\000a\000r\000i\000a\000b\000l\000e\000:\000\040\000E\000X\000F\000e\000v\000a\000p}{subsection.13.2}% 203
\BOOKMARK [3][-]{subsubsection.13.2.4}{\376\377\000L\000a\000t\000l\000o\000n\000\040\000V\000a\000r\000i\000a\000b\000l\000e\000:\000\040\000E\000X\000F\000p\000r\000e\000c\000i}{subsection.13.2}% 204
\BOOKMARK [3][-]{subsubsection.13.2.5}{\376\377\000L\000a\000t\000l\000o\000n\000\040\000V\000a\000r\000i\000a\000b\000l\000e\000:\000\040\000E\000X\000F\000r\000o\000f\000f}{subsection.13.2}% 205
\BOOKMARK [3][-]{subsubsection.13.2.6}{\376\377\000L\000a\000t\000l\000o\000n\000\040\000V\000a\000r\000i\000a\000b\000l\000e\000:\000\040\000S\000F\000L\000U\000X}{subsection.13.2}% 206
\BOOKMARK [3][-]{subsubsection.13.2.7}{\376\377\000L\000a\000t\000l\000o\000n\000\040\000V\000a\000r\000i\000a\000b\000l\000e\000:\000\040\000S\000I\000a\000c\000S\000u\000b\000l}{subsection.13.2}% 207
\BOOKMARK [3][-]{subsubsection.13.2.8}{\376\377\000L\000a\000t\000l\000o\000n\000\040\000V\000a\000r\000i\000a\000b\000l\000e\000:\000\040\000S\000I\000a\000t\000m\000F\000W}{subsection.13.2}% 208
\BOOKMARK [3][-]{subsubsection.13.2.9}{\376\377\000L\000a\000t\000l\000o\000n\000\040\000V\000a\000r\000i\000a\000b\000l\000e\000:\000\040\000S\000I\000f\000w\000T\000h\000r\000u}{subsection.13.2}% 209
\BOOKMARK [3][-]{subsubsection.13.2.10}{\376\377\000L\000a\000t\000l\000o\000n\000\040\000V\000a\000r\000i\000a\000b\000l\000e\000:\000\040\000S\000I\000r\000s\000S\000u\000b\000l}{subsection.13.2}% 210
\BOOKMARK [3][-]{subsubsection.13.2.11}{\376\377\000L\000a\000t\000l\000o\000n\000\040\000V\000a\000r\000i\000a\000b\000l\000e\000:\000\040\000S\000I\000s\000n\000P\000r\000c\000p}{subsection.13.2}% 211
\BOOKMARK [3][-]{subsubsection.13.2.12}{\376\377\000L\000a\000t\000l\000o\000n\000\040\000V\000a\000r\000i\000a\000b\000l\000e\000:\000\040\000o\000c\000e\000F\000W\000f\000l\000x}{subsection.13.2}% 212
\BOOKMARK [2][-]{subsection.13.3}{\376\377\000L\000a\000t\000l\000o\000n\000\040\000d\000a\000t\000a\000s\000e\000t\000\040\000o\000f\000\040\000O\000C\000E\000A\000N\000\137\000A\000N\000D\000\137\000I\000C\000E\000\137\000S\000U\000R\000F\000A\000C\000E\000\137\000H\000E\000A\000T\000\137\000F\000L\000U\000X}{section.13}% 213
\BOOKMARK [3][-]{subsubsection.13.3.1}{\376\377\000O\000v\000e\000r\000v\000i\000e\000w}{subsection.13.3}% 214
\BOOKMARK [3][-]{subsubsection.13.3.2}{\376\377\000L\000a\000t\000l\000o\000n\000\040\000V\000a\000r\000i\000a\000b\000l\000e\000:\000\040\000E\000X\000F\000h\000l}{subsection.13.3}% 215
\BOOKMARK [3][-]{subsubsection.13.3.3}{\376\377\000L\000a\000t\000l\000o\000n\000\040\000V\000a\000r\000i\000a\000b\000l\000e\000:\000\040\000E\000X\000F\000h\000s}{subsection.13.3}% 216
\BOOKMARK [3][-]{subsubsection.13.3.4}{\376\377\000L\000a\000t\000l\000o\000n\000\040\000V\000a\000r\000i\000a\000b\000l\000e\000:\000\040\000E\000X\000F\000l\000w\000d\000n}{subsection.13.3}% 217
\BOOKMARK [3][-]{subsubsection.13.3.5}{\376\377\000L\000a\000t\000l\000o\000n\000\040\000V\000a\000r\000i\000a\000b\000l\000e\000:\000\040\000E\000X\000F\000l\000w\000n\000e\000t}{subsection.13.3}% 218
\BOOKMARK [3][-]{subsubsection.13.3.6}{\376\377\000L\000a\000t\000l\000o\000n\000\040\000V\000a\000r\000i\000a\000b\000l\000e\000:\000\040\000E\000X\000F\000q\000n\000e\000t}{subsection.13.3}% 219
\BOOKMARK [3][-]{subsubsection.13.3.7}{\376\377\000L\000a\000t\000l\000o\000n\000\040\000V\000a\000r\000i\000a\000b\000l\000e\000:\000\040\000E\000X\000F\000s\000w\000d\000n}{subsection.13.3}% 220
\BOOKMARK [3][-]{subsubsection.13.3.8}{\376\377\000L\000a\000t\000l\000o\000n\000\040\000V\000a\000r\000i\000a\000b\000l\000e\000:\000\040\000E\000X\000F\000s\000w\000n\000e\000t}{subsection.13.3}% 221
\BOOKMARK [3][-]{subsubsection.13.3.9}{\376\377\000L\000a\000t\000l\000o\000n\000\040\000V\000a\000r\000i\000a\000b\000l\000e\000:\000\040\000S\000I\000a\000a\000f\000l\000u\000x}{subsection.13.3}% 222
\BOOKMARK [3][-]{subsubsection.13.3.10}{\376\377\000L\000a\000t\000l\000o\000n\000\040\000V\000a\000r\000i\000a\000b\000l\000e\000:\000\040\000S\000I\000a\000t\000m\000Q\000n\000t}{subsection.13.3}% 223
\BOOKMARK [3][-]{subsubsection.13.3.11}{\376\377\000L\000a\000t\000l\000o\000n\000\040\000V\000a\000r\000i\000a\000b\000l\000e\000:\000\040\000T\000F\000L\000U\000X}{subsection.13.3}% 224
\BOOKMARK [3][-]{subsubsection.13.3.12}{\376\377\000L\000a\000t\000l\000o\000n\000\040\000V\000a\000r\000i\000a\000b\000l\000e\000:\000\040\000o\000c\000e\000Q\000n\000e\000t}{subsection.13.3}% 225
\BOOKMARK [3][-]{subsubsection.13.3.13}{\376\377\000L\000a\000t\000l\000o\000n\000\040\000V\000a\000r\000i\000a\000b\000l\000e\000:\000\040\000o\000c\000e\000Q\000s\000w}{subsection.13.3}% 226
\BOOKMARK [2][-]{subsection.13.4}{\376\377\000L\000a\000t\000l\000o\000n\000\040\000d\000a\000t\000a\000s\000e\000t\000\040\000o\000f\000\040\000O\000C\000E\000A\000N\000\137\000A\000N\000D\000\137\000I\000C\000E\000\137\000S\000U\000R\000F\000A\000C\000E\000\137\000S\000T\000R\000E\000S\000S}{section.13}% 227
\BOOKMARK [3][-]{subsubsection.13.4.1}{\376\377\000O\000v\000e\000r\000v\000i\000e\000w}{subsection.13.4}% 228
\BOOKMARK [3][-]{subsubsection.13.4.2}{\376\377\000L\000a\000t\000l\000o\000n\000\040\000V\000a\000r\000i\000a\000b\000l\000e\000:\000\040\000E\000X\000F\000t\000a\000u\000e}{subsection.13.4}% 229
\BOOKMARK [3][-]{subsubsection.13.4.3}{\376\377\000L\000a\000t\000l\000o\000n\000\040\000V\000a\000r\000i\000a\000b\000l\000e\000:\000\040\000E\000X\000F\000t\000a\000u\000n}{subsection.13.4}% 230
\BOOKMARK [3][-]{subsubsection.13.4.4}{\376\377\000L\000a\000t\000l\000o\000n\000\040\000V\000a\000r\000i\000a\000b\000l\000e\000:\000\040\000o\000c\000e\000T\000A\000U\000E}{subsection.13.4}% 231
\BOOKMARK [3][-]{subsubsection.13.4.5}{\376\377\000L\000a\000t\000l\000o\000n\000\040\000V\000a\000r\000i\000a\000b\000l\000e\000:\000\040\000o\000c\000e\000T\000A\000U\000N}{subsection.13.4}% 232
\BOOKMARK [2][-]{subsection.13.5}{\376\377\000L\000a\000t\000l\000o\000n\000\040\000d\000a\000t\000a\000s\000e\000t\000\040\000o\000f\000\040\000O\000C\000E\000A\000N\000\137\000B\000O\000L\000U\000S\000\137\000V\000E\000L\000O\000C\000I\000T\000Y}{section.13}% 233
\BOOKMARK [3][-]{subsubsection.13.5.1}{\376\377\000O\000v\000e\000r\000v\000i\000e\000w}{subsection.13.5}% 234
\BOOKMARK [3][-]{subsubsection.13.5.2}{\376\377\000L\000a\000t\000l\000o\000n\000\040\000V\000a\000r\000i\000a\000b\000l\000e\000:\000\040\000E\000V\000E\000L\000S\000T\000A\000R}{subsection.13.5}% 235
\BOOKMARK [3][-]{subsubsection.13.5.3}{\376\377\000L\000a\000t\000l\000o\000n\000\040\000V\000a\000r\000i\000a\000b\000l\000e\000:\000\040\000N\000V\000E\000L\000S\000T\000A\000R}{subsection.13.5}% 236
\BOOKMARK [3][-]{subsubsection.13.5.4}{\376\377\000L\000a\000t\000l\000o\000n\000\040\000V\000a\000r\000i\000a\000b\000l\000e\000:\000\040\000W\000V\000E\000L\000S\000T\000A\000R}{subsection.13.5}% 237
\BOOKMARK [2][-]{subsection.13.6}{\376\377\000L\000a\000t\000l\000o\000n\000\040\000d\000a\000t\000a\000s\000e\000t\000\040\000o\000f\000\040\000O\000C\000E\000A\000N\000\137\000B\000O\000T\000T\000O\000M\000\137\000P\000R\000E\000S\000S\000U\000R\000E}{section.13}% 238
\BOOKMARK [3][-]{subsubsection.13.6.1}{\376\377\000O\000v\000e\000r\000v\000i\000e\000w}{subsection.13.6}% 239
\BOOKMARK [3][-]{subsubsection.13.6.2}{\376\377\000L\000a\000t\000l\000o\000n\000\040\000V\000a\000r\000i\000a\000b\000l\000e\000:\000\040\000O\000B\000P}{subsection.13.6}% 240
\BOOKMARK [3][-]{subsubsection.13.6.3}{\376\377\000L\000a\000t\000l\000o\000n\000\040\000V\000a\000r\000i\000a\000b\000l\000e\000:\000\040\000O\000B\000P\000G\000M\000A\000P}{subsection.13.6}% 241
\BOOKMARK [2][-]{subsection.13.7}{\376\377\000L\000a\000t\000l\000o\000n\000\040\000d\000a\000t\000a\000s\000e\000t\000\040\000o\000f\000\040\000O\000C\000E\000A\000N\000\137\000D\000E\000N\000S\000\137\000S\000T\000R\000A\000T\000\137\000P\000R\000E\000S\000S}{section.13}% 242
\BOOKMARK [3][-]{subsubsection.13.7.1}{\376\377\000O\000v\000e\000r\000v\000i\000e\000w}{subsection.13.7}% 243
\BOOKMARK [3][-]{subsubsection.13.7.2}{\376\377\000L\000a\000t\000l\000o\000n\000\040\000V\000a\000r\000i\000a\000b\000l\000e\000:\000\040\000D\000R\000H\000O\000D\000R}{subsection.13.7}% 244
\BOOKMARK [3][-]{subsubsection.13.7.3}{\376\377\000L\000a\000t\000l\000o\000n\000\040\000V\000a\000r\000i\000a\000b\000l\000e\000:\000\040\000P\000H\000I\000H\000Y\000D}{subsection.13.7}% 245
\BOOKMARK [3][-]{subsubsection.13.7.4}{\376\377\000L\000a\000t\000l\000o\000n\000\040\000V\000a\000r\000i\000a\000b\000l\000e\000:\000\040\000R\000H\000O\000A\000n\000o\000m\000a}{subsection.13.7}% 246
\BOOKMARK [2][-]{subsection.13.8}{\376\377\000L\000a\000t\000l\000o\000n\000\040\000d\000a\000t\000a\000s\000e\000t\000\040\000o\000f\000\040\000O\000C\000E\000A\000N\000\137\000M\000I\000X\000E\000D\000\137\000L\000A\000Y\000E\000R\000\137\000D\000E\000P\000T\000H}{section.13}% 247
\BOOKMARK [3][-]{subsubsection.13.8.1}{\376\377\000O\000v\000e\000r\000v\000i\000e\000w}{subsection.13.8}% 248
\BOOKMARK [3][-]{subsubsection.13.8.2}{\376\377\000L\000a\000t\000l\000o\000n\000\040\000V\000a\000r\000i\000a\000b\000l\000e\000:\000\040\000M\000X\000L\000D\000E\000P\000T\000H}{subsection.13.8}% 249
\BOOKMARK [2][-]{subsection.13.9}{\376\377\000L\000a\000t\000l\000o\000n\000\040\000d\000a\000t\000a\000s\000e\000t\000\040\000o\000f\000\040\000O\000C\000E\000A\000N\000\137\000T\000E\000M\000P\000E\000R\000A\000T\000U\000R\000E\000\137\000S\000A\000L\000I\000N\000I\000T\000Y}{section.13}% 250
\BOOKMARK [3][-]{subsubsection.13.9.1}{\376\377\000O\000v\000e\000r\000v\000i\000e\000w}{subsection.13.9}% 251
\BOOKMARK [3][-]{subsubsection.13.9.2}{\376\377\000L\000a\000t\000l\000o\000n\000\040\000V\000a\000r\000i\000a\000b\000l\000e\000:\000\040\000S\000A\000L\000T}{subsection.13.9}% 252
\BOOKMARK [3][-]{subsubsection.13.9.3}{\376\377\000L\000a\000t\000l\000o\000n\000\040\000V\000a\000r\000i\000a\000b\000l\000e\000:\000\040\000T\000H\000E\000T\000A}{subsection.13.9}% 253
\BOOKMARK [2][-]{subsection.13.10}{\376\377\000L\000a\000t\000l\000o\000n\000\040\000d\000a\000t\000a\000s\000e\000t\000\040\000o\000f\000\040\000O\000C\000E\000A\000N\000\137\000V\000E\000L\000O\000C\000I\000T\000Y}{section.13}% 254
\BOOKMARK [3][-]{subsubsection.13.10.1}{\376\377\000O\000v\000e\000r\000v\000i\000e\000w}{subsection.13.10}% 255
\BOOKMARK [3][-]{subsubsection.13.10.2}{\376\377\000L\000a\000t\000l\000o\000n\000\040\000V\000a\000r\000i\000a\000b\000l\000e\000:\000\040\000E\000V\000E\000L}{subsection.13.10}% 256
\BOOKMARK [3][-]{subsubsection.13.10.3}{\376\377\000L\000a\000t\000l\000o\000n\000\040\000V\000a\000r\000i\000a\000b\000l\000e\000:\000\040\000N\000V\000E\000L}{subsection.13.10}% 257
\BOOKMARK [3][-]{subsubsection.13.10.4}{\376\377\000L\000a\000t\000l\000o\000n\000\040\000V\000a\000r\000i\000a\000b\000l\000e\000:\000\040\000W\000V\000E\000L}{subsection.13.10}% 258
\BOOKMARK [2][-]{subsection.13.11}{\376\377\000L\000a\000t\000l\000o\000n\000\040\000d\000a\000t\000a\000s\000e\000t\000\040\000o\000f\000\040\000S\000E\000A\000\137\000I\000C\000E\000\137\000C\000O\000N\000C\000\137\000T\000H\000I\000C\000K\000N\000E\000S\000S}{section.13}% 259
\BOOKMARK [3][-]{subsubsection.13.11.1}{\376\377\000O\000v\000e\000r\000v\000i\000e\000w}{subsection.13.11}% 260
\BOOKMARK [3][-]{subsubsection.13.11.2}{\376\377\000L\000a\000t\000l\000o\000n\000\040\000V\000a\000r\000i\000a\000b\000l\000e\000:\000\040\000S\000I\000a\000r\000e\000a}{subsection.13.11}% 261
\BOOKMARK [3][-]{subsubsection.13.11.3}{\376\377\000L\000a\000t\000l\000o\000n\000\040\000V\000a\000r\000i\000a\000b\000l\000e\000:\000\040\000S\000I\000h\000e\000f\000f}{subsection.13.11}% 262
\BOOKMARK [3][-]{subsubsection.13.11.4}{\376\377\000L\000a\000t\000l\000o\000n\000\040\000V\000a\000r\000i\000a\000b\000l\000e\000:\000\040\000S\000I\000h\000s\000n\000o\000w}{subsection.13.11}% 263
\BOOKMARK [3][-]{subsubsection.13.11.5}{\376\377\000L\000a\000t\000l\000o\000n\000\040\000V\000a\000r\000i\000a\000b\000l\000e\000:\000\040\000s\000I\000c\000e\000L\000o\000a\000d}{subsection.13.11}% 264
\BOOKMARK [2][-]{subsection.13.12}{\376\377\000L\000a\000t\000l\000o\000n\000\040\000d\000a\000t\000a\000s\000e\000t\000\040\000o\000f\000\040\000S\000E\000A\000\137\000I\000C\000E\000\137\000V\000E\000L\000O\000C\000I\000T\000Y}{section.13}% 265
\BOOKMARK [3][-]{subsubsection.13.12.1}{\376\377\000O\000v\000e\000r\000v\000i\000e\000w}{subsection.13.12}% 266
\BOOKMARK [3][-]{subsubsection.13.12.2}{\376\377\000L\000a\000t\000l\000o\000n\000\040\000V\000a\000r\000i\000a\000b\000l\000e\000:\000\040\000S\000I\000e\000i\000c\000e}{subsection.13.12}% 267
\BOOKMARK [3][-]{subsubsection.13.12.3}{\376\377\000L\000a\000t\000l\000o\000n\000\040\000V\000a\000r\000i\000a\000b\000l\000e\000:\000\040\000S\000I\000n\000i\000c\000e}{subsection.13.12}% 268
\BOOKMARK [2][-]{subsection.13.13}{\376\377\000L\000a\000t\000l\000o\000n\000\040\000d\000a\000t\000a\000s\000e\000t\000\040\000o\000f\000\040\000S\000E\000A\000\137\000S\000U\000R\000F\000A\000C\000E\000\137\000H\000E\000I\000G\000H\000T}{section.13}% 269
\BOOKMARK [3][-]{subsubsection.13.13.1}{\376\377\000O\000v\000e\000r\000v\000i\000e\000w}{subsection.13.13}% 270
\BOOKMARK [3][-]{subsubsection.13.13.2}{\376\377\000L\000a\000t\000l\000o\000n\000\040\000V\000a\000r\000i\000a\000b\000l\000e\000:\000\040\000S\000S\000H}{subsection.13.13}% 271
\BOOKMARK [3][-]{subsubsection.13.13.3}{\376\377\000L\000a\000t\000l\000o\000n\000\040\000V\000a\000r\000i\000a\000b\000l\000e\000:\000\040\000S\000S\000H\000I\000B\000C}{subsection.13.13}% 272
\BOOKMARK [3][-]{subsubsection.13.13.4}{\376\377\000L\000a\000t\000l\000o\000n\000\040\000V\000a\000r\000i\000a\000b\000l\000e\000:\000\040\000S\000S\000H\000N\000O\000I\000B\000C}{subsection.13.13}% 273
\BOOKMARK [1][-]{section.14}{\376\377\0001\000-\000D\000\040\000D\000a\000t\000a\000s\000e\000t\000\040\000G\000r\000o\000u\000p\000i\000n\000g\000s}{}% 274
\BOOKMARK [2][-]{subsection.14.1}{\376\377\0001\000D\000\040\000d\000a\000t\000a\000s\000e\000t\000\040\000o\000f\000\040\000G\000L\000O\000B\000A\000L\000\137\000M\000E\000A\000N\000\137\000A\000T\000M\000\137\000S\000U\000R\000F\000A\000C\000E\000\137\000P\000R\000E\000S}{section.14}% 275
\BOOKMARK [3][-]{subsubsection.14.1.1}{\376\377\000O\000v\000e\000r\000v\000i\000e\000w}{subsection.14.1}% 276
\BOOKMARK [3][-]{subsubsection.14.1.2}{\376\377\0001\000D\000\040\000V\000a\000r\000i\000a\000b\000l\000e\000:\000\040\000P\000a\000\137\000g\000l\000o\000b\000a\000l}{subsection.14.1}% 277
\BOOKMARK [2][-]{subsection.14.2}{\376\377\0001\000D\000\040\000d\000a\000t\000a\000s\000e\000t\000\040\000o\000f\000\040\000G\000L\000O\000B\000A\000L\000\137\000M\000E\000A\000N\000\137\000S\000E\000A\000\137\000L\000E\000V\000E\000L}{section.14}% 278
\BOOKMARK [3][-]{subsubsection.14.2.1}{\376\377\000O\000v\000e\000r\000v\000i\000e\000w}{subsection.14.2}% 279
\BOOKMARK [3][-]{subsubsection.14.2.2}{\376\377\0001\000D\000\040\000V\000a\000r\000i\000a\000b\000l\000e\000:\000\040\000g\000l\000o\000b\000a\000l\000\137\000m\000e\000a\000n\000\137\000b\000a\000r\000y\000s\000t\000a\000t\000i\000c\000\137\000s\000e\000a\000\137\000l\000e\000v\000e\000l\000\137\000a\000n\000o\000m\000a\000l\000y}{subsection.14.2}% 280
\BOOKMARK [3][-]{subsubsection.14.2.3}{\376\377\0001\000D\000\040\000V\000a\000r\000i\000a\000b\000l\000e\000:\000\040\000g\000l\000o\000b\000a\000l\000\137\000m\000e\000a\000n\000\137\000s\000e\000a\000\137\000l\000e\000v\000e\000l\000\137\000a\000n\000o\000m\000a\000l\000y}{subsection.14.2}% 281
\BOOKMARK [3][-]{subsubsection.14.2.4}{\376\377\0001\000D\000\040\000V\000a\000r\000i\000a\000b\000l\000e\000:\000\040\000g\000l\000o\000b\000a\000l\000\137\000m\000e\000a\000n\000\137\000s\000t\000e\000r\000o\000d\000y\000n\000a\000m\000i\000c\000\137\000s\000e\000a\000\137\000l\000e\000v\000e\000l\000\137\000a\000n\000o\000m\000a\000l\000y}{subsection.14.2}% 282
\BOOKMARK [2][-]{subsection.14.3}{\376\377\0001\000D\000\040\000d\000a\000t\000a\000s\000e\000t\000\040\000o\000f\000\040\000S\000B\000O\000\137\000C\000O\000R\000E\000\137\000P\000R\000O\000D\000U\000C\000T\000S}{section.14}% 283
\BOOKMARK [3][-]{subsubsection.14.3.1}{\376\377\000O\000v\000e\000r\000v\000i\000e\000w}{subsection.14.3}% 284
\BOOKMARK [3][-]{subsubsection.14.3.2}{\376\377\0001\000D\000\040\000V\000a\000r\000i\000a\000b\000l\000e\000:\000\040\000m\000a\000s\000s}{subsection.14.3}% 285
\BOOKMARK [3][-]{subsubsection.14.3.3}{\376\377\0001\000D\000\040\000V\000a\000r\000i\000a\000b\000l\000e\000:\000\040\000m\000a\000s\000s\000\137\000f\000w}{subsection.14.3}% 286
\BOOKMARK [3][-]{subsubsection.14.3.4}{\376\377\0001\000D\000\040\000V\000a\000r\000i\000a\000b\000l\000e\000:\000\040\000m\000a\000s\000s\000\137\000g\000c}{subsection.14.3}% 287
\BOOKMARK [3][-]{subsubsection.14.3.5}{\376\377\0001\000D\000\040\000V\000a\000r\000i\000a\000b\000l\000e\000:\000\040\000m\000a\000s\000s\000\137\000s\000i}{subsection.14.3}% 288
\BOOKMARK [3][-]{subsubsection.14.3.6}{\376\377\0001\000D\000\040\000V\000a\000r\000i\000a\000b\000l\000e\000:\000\040\000s\000b\000o\000a\000r\000e\000a}{subsection.14.3}% 289
\BOOKMARK [3][-]{subsubsection.14.3.7}{\376\377\0001\000D\000\040\000V\000a\000r\000i\000a\000b\000l\000e\000:\000\040\000x\000c\000o\000m}{subsection.14.3}% 290
\BOOKMARK [3][-]{subsubsection.14.3.8}{\376\377\0001\000D\000\040\000V\000a\000r\000i\000a\000b\000l\000e\000:\000\040\000x\000c\000o\000m\000\137\000f\000w}{subsection.14.3}% 291
\BOOKMARK [3][-]{subsubsection.14.3.9}{\376\377\0001\000D\000\040\000V\000a\000r\000i\000a\000b\000l\000e\000:\000\040\000x\000o\000a\000m\000c}{subsection.14.3}% 292
\BOOKMARK [3][-]{subsubsection.14.3.10}{\376\377\0001\000D\000\040\000V\000a\000r\000i\000a\000b\000l\000e\000:\000\040\000x\000o\000a\000m\000c\000\137\000s\000i}{subsection.14.3}% 293
\BOOKMARK [3][-]{subsubsection.14.3.11}{\376\377\0001\000D\000\040\000V\000a\000r\000i\000a\000b\000l\000e\000:\000\040\000x\000o\000a\000m\000p}{subsection.14.3}% 294
\BOOKMARK [3][-]{subsubsection.14.3.12}{\376\377\0001\000D\000\040\000V\000a\000r\000i\000a\000b\000l\000e\000:\000\040\000x\000o\000a\000m\000p\000\137\000d\000s\000l}{subsection.14.3}% 295
\BOOKMARK [3][-]{subsubsection.14.3.13}{\376\377\0001\000D\000\040\000V\000a\000r\000i\000a\000b\000l\000e\000:\000\040\000x\000o\000a\000m\000p\000\137\000f\000w}{subsection.14.3}% 296
\BOOKMARK [3][-]{subsubsection.14.3.14}{\376\377\0001\000D\000\040\000V\000a\000r\000i\000a\000b\000l\000e\000:\000\040\000y\000c\000o\000m}{subsection.14.3}% 297
\BOOKMARK [3][-]{subsubsection.14.3.15}{\376\377\0001\000D\000\040\000V\000a\000r\000i\000a\000b\000l\000e\000:\000\040\000y\000c\000o\000m\000\137\000f\000w}{subsection.14.3}% 298
\BOOKMARK [3][-]{subsubsection.14.3.16}{\376\377\0001\000D\000\040\000V\000a\000r\000i\000a\000b\000l\000e\000:\000\040\000y\000o\000a\000m\000c}{subsection.14.3}% 299
\BOOKMARK [3][-]{subsubsection.14.3.17}{\376\377\0001\000D\000\040\000V\000a\000r\000i\000a\000b\000l\000e\000:\000\040\000y\000o\000a\000m\000c\000\137\000s\000i}{subsection.14.3}% 300
\BOOKMARK [3][-]{subsubsection.14.3.18}{\376\377\0001\000D\000\040\000V\000a\000r\000i\000a\000b\000l\000e\000:\000\040\000y\000o\000a\000m\000p}{subsection.14.3}% 301
\BOOKMARK [3][-]{subsubsection.14.3.19}{\376\377\0001\000D\000\040\000V\000a\000r\000i\000a\000b\000l\000e\000:\000\040\000y\000o\000a\000m\000p\000\137\000d\000s\000l}{subsection.14.3}% 302
\BOOKMARK [3][-]{subsubsection.14.3.20}{\376\377\0001\000D\000\040\000V\000a\000r\000i\000a\000b\000l\000e\000:\000\040\000y\000o\000a\000m\000p\000\137\000f\000w}{subsection.14.3}% 303
\BOOKMARK [3][-]{subsubsection.14.3.21}{\376\377\0001\000D\000\040\000V\000a\000r\000i\000a\000b\000l\000e\000:\000\040\000z\000c\000o\000m}{subsection.14.3}% 304
\BOOKMARK [3][-]{subsubsection.14.3.22}{\376\377\0001\000D\000\040\000V\000a\000r\000i\000a\000b\000l\000e\000:\000\040\000z\000c\000o\000m\000\137\000f\000w}{subsection.14.3}% 305
\BOOKMARK [3][-]{subsubsection.14.3.23}{\376\377\0001\000D\000\040\000V\000a\000r\000i\000a\000b\000l\000e\000:\000\040\000z\000o\000a\000m\000c}{subsection.14.3}% 306
\BOOKMARK [3][-]{subsubsection.14.3.24}{\376\377\0001\000D\000\040\000V\000a\000r\000i\000a\000b\000l\000e\000:\000\040\000z\000o\000a\000m\000c\000\137\000s\000i}{subsection.14.3}% 307
\BOOKMARK [3][-]{subsubsection.14.3.25}{\376\377\0001\000D\000\040\000V\000a\000r\000i\000a\000b\000l\000e\000:\000\040\000z\000o\000a\000m\000p}{subsection.14.3}% 308
\BOOKMARK [3][-]{subsubsection.14.3.26}{\376\377\0001\000D\000\040\000V\000a\000r\000i\000a\000b\000l\000e\000:\000\040\000z\000o\000a\000m\000p\000\137\000d\000s\000l}{subsection.14.3}% 309
\BOOKMARK [3][-]{subsubsection.14.3.27}{\376\377\0001\000D\000\040\000V\000a\000r\000i\000a\000b\000l\000e\000:\000\040\000z\000o\000a\000m\000p\000\137\000f\000w}{subsection.14.3}% 310
\BOOKMARK [1][-]{section.15}{\376\377\000H\000o\000w\000\040\000t\000o\000\040\000f\000i\000n\000d\000\040\000o\000u\000t\000\040\000m\000o\000r\000e\000\040\000a\000b\000o\000u\000t\000\040\000E\000C\000C\000O}{}% 311
